<?xml version="1.0" encoding="UTF-8"?>
<!-- Generated by org.testng.reporters.JUnitReportReporter -->
<testsuite hostname="DESKTOP-LFNQ669" failures="0" tests="1" name="Jobs_DeleteMethod" time="2.398" errors="0" timestamp="2022-03-11T07:25:48 EST" skipped="0">
  <testcase classname="Jobs_DeleteMethod" name="delete_test" time="2.398"/>
  <system-out/>
</testsuite> <!-- Jobs_DeleteMethod -->
