<?xml version="1.0" encoding="UTF-8"?>
<!-- Generated by org.testng.reporters.JUnitReportReporter -->
<testsuite hostname="DESKTOP-LFNQ669" failures="0" tests="1" name="PostJobs" time="2.901" errors="0" timestamp="2022-03-09T10:51:55 EST" skipped="0">
  <testcase classname="PostJobs" name="Test_1Post" time="2.901"/>
  <system-out/>
</testsuite> <!-- PostJobs -->
