<?xml version="1.0" encoding="UTF-8"?>
<!-- Generated by org.testng.reporters.JUnitReportReporter -->
<testsuite hostname="DESKTOP-LFNQ669" failures="0" tests="2" name="JobsDataDrVa" time="2.943" errors="0" timestamp="2022-03-11T07:12:08 EST" skipped="0">
  <testcase classname="JobsDataDrVa" name="Test_1Post" time="0.320"/>
  <system-out/>
  <testcase classname="JobsDataDrVa" name="Test_1Post" time="2.623"/>
  <system-out/>
</testsuite> <!-- JobsDataDrVa -->
