<?xml version="1.0" encoding="UTF-8"?>
<!-- Generated by org.testng.reporters.JUnitReportReporter -->
<testsuite hostname="DESKTOP-LFNQ669" failures="0" tests="2" name="JobsPostDataDrVa" time="3.096" errors="0" timestamp="2022-03-11T07:33:33 EST" skipped="0">
  <testcase classname="JobsPostDataDrVa" name="Test_1Post" time="0.318"/>
  <system-out/>
  <testcase classname="JobsPostDataDrVa" name="Test_1Post" time="2.778"/>
  <system-out/>
</testsuite> <!-- JobsPostDataDrVa -->
