<?xml version="1.0" encoding="UTF-8"?>
<!-- Generated by org.testng.reporters.JUnitReportReporter -->
<testsuite hostname="DESKTOP-LFNQ669" failures="0" tests="2" name="JobsGetDrVa" time="2.573" errors="0" timestamp="2022-03-11T07:33:53 EST" skipped="0">
  <testcase classname="JobsGetDrVa" name="getJobsApi" time="0.271"/>
  <system-out/>
  <testcase classname="JobsGetDrVa" name="getJobsApi" time="2.302"/>
  <system-out/>
</testsuite> <!-- JobsGetDrVa -->
