<?xml version="1.0" encoding="UTF-8"?>
<!-- Generated by org.testng.reporters.JUnitReportReporter -->
<testsuite hostname="DESKTOP-LFNQ669" failures="0" tests="2" name="JobsAllMethods.JobsGetDrVa" time="5.058" errors="0" timestamp="2022-03-15T19:29:38 EDT" skipped="0">
  <testcase classname="JobsAllMethods.JobsGetDrVa" name="getJobsApi" time="0.339"/>
  <system-out/>
  <testcase classname="JobsAllMethods.JobsGetDrVa" name="getJobsApi" time="4.719"/>
  <system-out/>
</testsuite> <!-- JobsAllMethods.JobsGetDrVa -->
