<?xml version="1.0" encoding="UTF-8"?>
<!-- Generated by org.testng.reporters.JUnitReportReporter -->
<testsuite hostname="DESKTOP-LFNQ669" failures="0" tests="2" name="Jobs_getMethod" time="2.712" errors="0" timestamp="2022-03-10T23:13:21 EST" skipped="0">
  <testcase classname="Jobs_getMethod" name="getJobsApi" time="2.392"/>
  <system-out/>
  <testcase classname="Jobs_getMethod" name="test_Auth" time="0.320"/>
  <system-out/>
</testsuite> <!-- Jobs_getMethod -->
