<?xml version="1.0" encoding="UTF-8"?>
<!-- Generated by org.testng.reporters.JUnitReportReporter -->
<testsuite hostname="DESKTOP-LFNQ669" failures="0" tests="3" name="Test1Get" time="2.954" errors="0" timestamp="2022-03-08T18:18:50 EST" skipped="0">
  <testcase classname="Test1Get" name="test_1" time="2.425"/>
  <system-out/>
  <testcase classname="Test1Get" name="test_3" time="0.246"/>
  <system-out/>
  <testcase classname="Test1Get" name="test_2" time="0.283"/>
  <system-out/>
</testsuite> <!-- Test1Get -->
