<?xml version="1.0" encoding="UTF-8"?>
<!-- Generated by org.testng.reporters.JUnitReportReporter -->
<testsuite hostname="DESKTOP-LFNQ669" failures="0" tests="2" name="Jobs_putMethod" time="2.743" errors="0" timestamp="2022-03-11T07:16:04 EST" skipped="0">
  <testcase classname="Jobs_putMethod" name="putTest" time="2.422"/>
  <system-out/>
  <testcase classname="Jobs_putMethod" name="putTest" time="0.321"/>
  <system-out/>
</testsuite> <!-- Jobs_putMethod -->
