<?xml version="1.0" encoding="UTF-8"?>
<!-- Generated by org.testng.reporters.JUnitReportReporter -->
<testsuite hostname="DESKTOP-LFNQ669" failures="0" tests="2" name="JobsAllMethods.JobsputDrVa" time="5.100" errors="0" timestamp="2022-03-13T23:49:02 EDT" skipped="0">
  <testcase classname="JobsAllMethods.JobsputDrVa" name="putTest" time="0.380"/>
  <system-out/>
  <testcase classname="JobsAllMethods.JobsputDrVa" name="putTest" time="4.720"/>
  <system-out/>
</testsuite> <!-- JobsAllMethods.JobsputDrVa -->
