<?xml version="1.0" encoding="UTF-8"?>
<!-- Generated by org.testng.reporters.JUnitReportReporter -->
<testsuite hostname="DESKTOP-LFNQ669" failures="0" tests="2" name="JobsAllMethods.JobsPostDataDrVa" time="13.026" errors="0" timestamp="2022-03-18T06:46:31 EDT" skipped="0">
  <testcase classname="JobsAllMethods.JobsPostDataDrVa" name="Test_1Post" time="0.336"/>
  <system-out/>
  <testcase classname="JobsAllMethods.JobsPostDataDrVa" name="Test_1Post" time="12.690"/>
  <system-out/>
</testsuite> <!-- JobsAllMethods.JobsPostDataDrVa -->
